<testsuite name="br.ifsul.finwise.FinwiseApplicationTests" tests="1" failures="0" errors="0" skipped="0" time="0.001">
  <testcase name="testExample" time="0.001"/>
</testsuite>